# JRE version: OpenJDK Runtime Environment Temurin-17.0.9+9 (17.0.9+9) (build 17.0.9+9)
# Java VM: OpenJDK 64-Bit Server VM Temurin-17.0.9+9 (17.0.9+9, mixed mode, emulated-client, tiered, compressed oops, compressed class ptrs, g1 gc, windows-amd64)
GC Precious Log:
 CPUs: 8 total, 8 available
 Memory: 8108M
 Large Page Support: Disabled
 NUMA Support: Disabled
 Compressed Oops: Enabled (32-bit)
 Heap Region Size: 1M
 Heap Min Capacity: 8M
 Heap Initial Capacity: 128M
 Heap Max Capacity: 2028M
 Pre-touch: Disabled
 Parallel Workers: 8
 Concurrent Workers: 2
 Concurrent Refinement Workers: 8
 Periodic GC: Disabled
Heap:
 garbage-first heap   total 66560K, used 27320K [0x0000000081400000, 0x0000000100000000)
  region size 1024K, 4 young (4096K), 3 survivors (3072K)
 Metaspace       used 53847K, committed 54336K, reserved 1114112K
  class space    used 7230K, committed 7488K, reserved 1048576K
GC Heap History (20 events):
Event: 6.138 GC heap before
{Heap before GC invocations=7 (full 0):
 garbage-first heap   total 37888K, used 25902K [0x0000000081400000, 0x0000000100000000)
  region size 1024K, 17 young (17408K), 3 survivors (3072K)
 Metaspace       used 29938K, committed 30208K, reserved 1114112K
  class space    used 3689K, committed 3840K, reserved 1048576K
}
Event: 6.145 GC heap after
{Heap after GC invocations=8 (full 0):
 garbage-first heap   total 46080K, used 13719K [0x0000000081400000, 0x0000000100000000)
  region size 1024K, 2 young (2048K), 2 survivors (2048K)
 Metaspace       used 29938K, committed 30208K, reserved 1114112K
  class space    used 3689K, committed 3840K, reserved 1048576K
}
Event: 6.976 GC heap before
{Heap before GC invocations=8 (full 0):
 garbage-first heap   total 46080K, used 32151K [0x0000000081400000, 0x0000000100000000)
  region size 1024K, 20 young (20480K), 2 survivors (2048K)
 Metaspace       used 31750K, committed 32064K, reserved 1114112K
  class space    used 3977K, committed 4160K, reserved 1048576K
}
Event: 6.985 GC heap after
{Heap after GC invocations=9 (full 0):
 garbage-first heap   total 46080K, used 15004K [0x0000000081400000, 0x0000000100000000)
  region size 1024K, 3 young (3072K), 3 survivors (3072K)
 Metaspace       used 31750K, committed 32064K, reserved 1114112K
  class space    used 3977K, committed 4160K, reserved 1048576K
}
Event: 8.092 GC heap before
{Heap before GC invocations=9 (full 0):
 garbage-first heap   total 46080K, used 32412K [0x0000000081400000, 0x0000000100000000)
  region size 1024K, 20 young (20480K), 3 survivors (3072K)
 Metaspace       used 34798K, committed 35200K, reserved 1114112K
  class space    used 4472K, committed 4672K, reserved 1048576K
}
Event: 8.104 GC heap after
{Heap after GC invocations=10 (full 0):
 garbage-first heap   total 46080K, used 16559K [0x0000000081400000, 0x0000000100000000)
  region size 1024K, 3 young (3072K), 3 survivors (3072K)
 Metaspace       used 34798K, committed 35200K, reserved 1114112K
  class space    used 4472K, committed 4672K, reserved 1048576K
}
Event: 8.492 GC heap before
{Heap before GC invocations=10 (full 0):
 garbage-first heap   total 46080K, used 18607K [0x0000000081400000, 0x0000000100000000)
  region size 1024K, 6 young (6144K), 3 survivors (3072K)
 Metaspace       used 35668K, committed 35968K, reserved 1114112K
  class space    used 4584K, committed 4736K, reserved 1048576K
}
Event: 8.501 GC heap after
{Heap after GC invocations=11 (full 0):
 garbage-first heap   total 46080K, used 16492K [0x0000000081400000, 0x0000000100000000)
  region size 1024K, 2 young (2048K), 2 survivors (2048K)
 Metaspace       used 35668K, committed 35968K, reserved 1114112K
  class space    used 4584K, committed 4736K, reserved 1048576K
}
Event: 9.959 GC heap before
{Heap before GC invocations=12 (full 0):
 garbage-first heap   total 46080K, used 33900K [0x0000000081400000, 0x0000000100000000)
  region size 1024K, 19 young (19456K), 2 survivors (2048K)
 Metaspace       used 37558K, committed 37952K, reserved 1114112K
  class space    used 4866K, committed 5056K, reserved 1048576K
}
Event: 9.970 GC heap after
{Heap after GC invocations=13 (full 0):
 garbage-first heap   total 55296K, used 17695K [0x0000000081400000, 0x0000000100000000)
  region size 1024K, 3 young (3072K), 3 survivors (3072K)
 Metaspace       used 37558K, committed 37952K, reserved 1114112K
  class space    used 4866K, committed 5056K, reserved 1048576K
}
Event: 11.097 GC heap before
{Heap before GC invocations=13 (full 0):
 garbage-first heap   total 55296K, used 41247K [0x0000000081400000, 0x0000000100000000)
  region size 1024K, 26 young (26624K), 3 survivors (3072K)
 Metaspace       used 40514K, committed 41024K, reserved 1114112K
  class space    used 5329K, committed 5568K, reserved 1048576K
}
Event: 11.109 GC heap after
{Heap after GC invocations=14 (full 0):
 garbage-first heap   total 55296K, used 19179K [0x0000000081400000, 0x0000000100000000)
  region size 1024K, 3 young (3072K), 3 survivors (3072K)
 Metaspace       used 40514K, committed 41024K, reserved 1114112K
  class space    used 5329K, committed 5568K, reserved 1048576K
}
Event: 12.182 GC heap before
{Heap before GC invocations=14 (full 0):
 garbage-first heap   total 55296K, used 41707K [0x0000000081400000, 0x0000000100000000)
  region size 1024K, 25 young (25600K), 3 survivors (3072K)
 Metaspace       used 43370K, committed 43776K, reserved 1114112K
  class space    used 5776K, committed 5952K, reserved 1048576K
}
Event: 12.196 GC heap after
{Heap after GC invocations=15 (full 0):
 garbage-first heap   total 55296K, used 20841K [0x0000000081400000, 0x0000000100000000)
  region size 1024K, 3 young (3072K), 3 survivors (3072K)
 Metaspace       used 43370K, committed 43776K, reserved 1114112K
  class space    used 5776K, committed 5952K, reserved 1048576K
}
Event: 12.982 GC heap before
{Heap before GC invocations=15 (full 0):
 garbage-first heap   total 55296K, used 42345K [0x0000000081400000, 0x0000000100000000)
  region size 1024K, 24 young (24576K), 3 survivors (3072K)
 Metaspace       used 47446K, committed 47936K, reserved 1114112K
  class space    used 6332K, committed 6592K, reserved 1048576K
}
Event: 13.000 GC heap after
{Heap after GC invocations=16 (full 0):
 garbage-first heap   total 55296K, used 23992K [0x0000000081400000, 0x0000000100000000)
  region size 1024K, 3 young (3072K), 3 survivors (3072K)
 Metaspace       used 47446K, committed 47936K, reserved 1114112K
  class space    used 6332K, committed 6592K, reserved 1048576K
}
Event: 13.933 GC heap before
{Heap before GC invocations=16 (full 0):
 garbage-first heap   total 55296K, used 41400K [0x0000000081400000, 0x0000000100000000)
  region size 1024K, 20 young (20480K), 3 survivors (3072K)
 Metaspace       used 50464K, committed 50880K, reserved 1114112K
  class space    used 6755K, committed 6976K, reserved 1048576K
}
Event: 13.945 GC heap after
{Heap after GC invocations=17 (full 0):
 garbage-first heap   total 55296K, used 25561K [0x0000000081400000, 0x0000000100000000)
  region size 1024K, 2 young (2048K), 2 survivors (2048K)
 Metaspace       used 50464K, committed 50880K, reserved 1114112K
  class space    used 6755K, committed 6976K, reserved 1048576K
}
Event: 114.751 GC heap before
{Heap before GC invocations=17 (full 0):
 garbage-first heap   total 55296K, used 40921K [0x0000000081400000, 0x0000000100000000)
  region size 1024K, 18 young (18432K), 2 survivors (2048K)
 Metaspace       used 53836K, committed 54336K, reserved 1114112K
  class space    used 7229K, committed 7488K, reserved 1048576K
}
Event: 114.762 GC heap after
{Heap after GC invocations=18 (full 0):
 garbage-first heap   total 66560K, used 27320K [0x0000000081400000, 0x0000000100000000)
  region size 1024K, 3 young (3072K), 3 survivors (3072K)
 Metaspace       used 53836K, committed 54336K, reserved 1114112K
  class space    used 7229K, committed 7488K, reserved 1048576K
}

